[01m[K/usr/local/catkin_ws/src/jpeg-streamer/src/jpeg-streamer_node.cpp:[m[K In function â€˜[01m[Kvoid imageCallback(const ImageConstPtr&)[m[Kâ€™:
[01m[K/usr/local/catkin_ws/src/jpeg-streamer/src/jpeg-streamer_node.cpp:18:47:[m[K [01;31m[Kerror: [m[Kâ€˜[01m[Kparams[m[Kâ€™ was not declared in this scope
         cv::imencode(".jpg", image, buff_bgr, [01;31m[Kparams[m[K);
                                               [01;31m[K^~~~~~[m[K
make[2]: *** [CMakeFiles/jpeg-streamer_node.dir/src/jpeg-streamer_node.cpp.o] Error 1
make[1]: *** [CMakeFiles/jpeg-streamer_node.dir/all] Error 2
make: *** [all] Error 2
