[01m[K/usr/local/catkin_ws/src/jpeg-streamer/src/jpeg-streamer_node.cpp:[m[K In function â€˜[01m[Kint main(int, char**)[m[Kâ€™:
[01m[K/usr/local/catkin_ws/src/jpeg-streamer/src/jpeg-streamer_node.cpp:26:44:[m[K [01;31m[Kerror: [m[Kâ€˜[01m[Kcd[m[Kâ€™ was not declared in this scope
     image_transport::ImageTransport it(nh);[01;31m[Kcd[m[K
                                            [01;31m[K^~[m[K
make[2]: *** [CMakeFiles/jpeg-streamer_node.dir/src/jpeg-streamer_node.cpp.o] Error 1
make[1]: *** [CMakeFiles/jpeg-streamer_node.dir/all] Error 2
make: *** [all] Error 2
