[35m[1mScanning dependencies of target jpeg-streamer_node[0m
[ 50%] [32mBuilding CXX object CMakeFiles/jpeg-streamer_node.dir/src/jpeg-streamer_node.cpp.o[0m
[01m[K/usr/local/catkin_ws/src/jpeg-streamer/src/jpeg-streamer_node.cpp:[m[K In function â€˜[01m[Kvoid imageCallback(const ImageConstPtr&)[m[Kâ€™:
[01m[K/usr/local/catkin_ws/src/jpeg-streamer/src/jpeg-streamer_node.cpp:18:47:[m[K [01;31m[Kerror: [m[Kâ€˜[01m[Kparams[m[Kâ€™ was not declared in this scope
         cv::imencode(".jpg", image, buff_bgr, [01;31m[Kparams[m[K);
                                               [01;31m[K^~~~~~[m[K
CMakeFiles/jpeg-streamer_node.dir/build.make:62: recipe for target 'CMakeFiles/jpeg-streamer_node.dir/src/jpeg-streamer_node.cpp.o' failed
make[2]: *** [CMakeFiles/jpeg-streamer_node.dir/src/jpeg-streamer_node.cpp.o] Error 1
CMakeFiles/Makefile2:1027: recipe for target 'CMakeFiles/jpeg-streamer_node.dir/all' failed
make[1]: *** [CMakeFiles/jpeg-streamer_node.dir/all] Error 2
Makefile:140: recipe for target 'all' failed
make: *** [all] Error 2
